<?xml version="1.0" encoding="UTF-8"?>
<!-- Generated by org.testng.reporters.JUnitReportReporter -->
<testsuite skipped="0" hostname="SL-1606" name="web.tests.DemoEnd2EndTest" tests="11" failures="0" timestamp="2021-08-23T15:48:31 AEST" time="351.281" errors="1">
  <testcase name="loginTest" time="82.188" classname="web.tests.DemoEnd2EndTest"/>
  <system-out/>
  <testcase name="loginTest" time="21.453" classname="web.tests.DemoEnd2EndTest"/>
  <system-out/>
  <testcase name="loginTest" time="28.697" classname="web.tests.DemoEnd2EndTest"/>
  <system-out/>
  <testcase name="loginTest" time="22.872" classname="web.tests.DemoEnd2EndTest"/>
  <system-out/>
  <testcase name="loginTest" time="20.326" classname="web.tests.DemoEnd2EndTest"/>
  <system-out/>
  <testcase name="loginTest" time="29.431" classname="web.tests.DemoEnd2EndTest"/>
  <system-out/>
  <testcase name="loginTest" time="69.621" classname="web.tests.DemoEnd2EndTest"/>
  <system-out/>
  <testcase name="loginTest" time="17.887" classname="web.tests.DemoEnd2EndTest"/>
  <system-out/>
  <testcase name="loginTest" time="31.944" classname="web.tests.DemoEnd2EndTest"/>
  <system-out/>
  <testcase name="tearDown" time="0.002" classname="web.tests.DemoEnd2EndTest">
    <error type="org.openqa.selenium.NoSuchSessionException" message="Session ID is null. Using WebDriver after calling quit()?
Build info: version: &#039;3.141.0&#039;, revision: &#039;2ecb7d9a&#039;, time: &#039;2018-10-31T20:09:30&#039;
System info: host: &#039;SL-1606&#039;, ip: &#039;fd11:d543:e838:0:d19e:5075:5bd0:7ad1%en0&#039;, os.name: &#039;Mac OS X&#039;, os.arch: &#039;x86_64&#039;, os.version: &#039;10.16&#039;, java.version: &#039;1.8.0_275&#039;
Driver info: driver.version: RemoteWebDriver">
      <![CDATA[org.openqa.selenium.NoSuchSessionException: Session ID is null. Using WebDriver after calling quit()?
Build info: version: '3.141.0', revision: '2ecb7d9a', time: '2018-10-31T20:09:30'
System info: host: 'SL-1606', ip: 'fd11:d543:e838:0:d19e:5075:5bd0:7ad1%en0', os.name: 'Mac OS X', os.arch: 'x86_64', os.version: '10.16', java.version: '1.8.0_275'
Driver info: driver.version: RemoteWebDriver
at org.openqa.selenium.remote.HttpCommandExecutor.execute(HttpCommandExecutor.java:125)
at org.openqa.selenium.remote.RemoteWebDriver.execute(RemoteWebDriver.java:552)
at org.openqa.selenium.remote.RemoteWebDriver.executeScript(RemoteWebDriver.java:489)
at web.tests.TestBase.tearDown(TestBase.java:243)
at sun.reflect.NativeMethodAccessorImpl.invoke0(Native Method)
at sun.reflect.NativeMethodAccessorImpl.invoke(NativeMethodAccessorImpl.java:62)
at sun.reflect.DelegatingMethodAccessorImpl.invoke(DelegatingMethodAccessorImpl.java:43)
at java.lang.reflect.Method.invoke(Method.java:498)
at org.testng.internal.MethodInvocationHelper.invokeMethod(MethodInvocationHelper.java:133)
at org.testng.internal.MethodInvocationHelper.invokeMethodConsideringTimeout(MethodInvocationHelper.java:62)
at org.testng.internal.ConfigInvoker.invokeConfigurationMethod(ConfigInvoker.java:385)
at org.testng.internal.ConfigInvoker.invokeConfigurations(ConfigInvoker.java:321)
at org.testng.internal.TestInvoker.runConfigMethods(TestInvoker.java:700)
at org.testng.internal.TestInvoker.runAfterGroupsConfigurations(TestInvoker.java:676)
at org.testng.internal.TestInvoker.invokeMethod(TestInvoker.java:660)
at org.testng.internal.TestInvoker.invokeTestMethod(TestInvoker.java:173)
at org.testng.internal.TestMethodWithDataProviderMethodWorker.call(TestMethodWithDataProviderMethodWorker.java:77)
at org.testng.internal.TestMethodWithDataProviderMethodWorker.call(TestMethodWithDataProviderMethodWorker.java:15)
at java.util.concurrent.FutureTask.run(FutureTask.java:266)
at java.util.concurrent.Executors$RunnableAdapter.call(Executors.java:511)
at java.util.concurrent.FutureTask.run(FutureTask.java:266)
at java.util.concurrent.ThreadPoolExecutor.runWorker(ThreadPoolExecutor.java:1149)
at java.util.concurrent.ThreadPoolExecutor$Worker.run(ThreadPoolExecutor.java:624)
at java.lang.Thread.run(Thread.java:748)
]]>
    </error>
  </testcase> <!-- tearDown -->
  <system-out/>
  <testcase name="loginTest" time="26.860" classname="web.tests.DemoEnd2EndTest"/>
  <system-out/>
</testsuite> <!-- web.tests.DemoEnd2EndTest -->
